  test_1.c
C:\C语言\codevpush\code-road\2022_5_1\2022_5_1\test_1.c(30,5): error C2084: 函数“int main()”已有主体
C:\C语言\codevpush\code-road\2022_5_1\2022_5_1\test_1.c(5): message : 参见“main”的前一个定义
C:\C语言\codevpush\code-road\2022_5_1\2022_5_1\test_1.c(91,9): error C2369: “arr”: 重定义；不同的下标
C:\C语言\codevpush\code-road\2022_5_1\2022_5_1\test_1.c(86): message : 参见“arr”的声明
C:\C语言\codevpush\code-road\2022_5_1\2022_5_1\test_1.c(92,9): error C2374: “i”: 重定义；多次初始化
C:\C语言\codevpush\code-road\2022_5_1\2022_5_1\test_1.c(87): message : 参见“i”的声明
C:\C语言\codevpush\code-road\2022_5_1\2022_5_1\test_1.c(96,34): error C2109: 下标要求数组或指针类型
C:\C语言\codevpush\code-road\2022_5_1\2022_5_1\test_1.c(96,19): warning C4473: “scanf”: 没有为格式字符串传递足够的参数
C:\C语言\codevpush\code-road\2022_5_1\2022_5_1\test_1.c(96,19): message : 占位符和其参数预计 1 可变参数，但提供的却是 0 参数
C:\C语言\codevpush\code-road\2022_5_1\2022_5_1\test_1.c(96,19): message : 缺失的可变参数 1 为格式字符串“%d”所需
C:\C语言\codevpush\code-road\2022_5_1\2022_5_1\test_1.c(102,35): error C2109: 下标要求数组或指针类型
C:\C语言\codevpush\code-road\2022_5_1\2022_5_1\test_1.c(102,20): warning C4473: “printf”: 没有为格式字符串传递足够的参数
C:\C语言\codevpush\code-road\2022_5_1\2022_5_1\test_1.c(102,20): message : 占位符和其参数预计 1 可变参数，但提供的却是 0 参数
C:\C语言\codevpush\code-road\2022_5_1\2022_5_1\test_1.c(102,20): message : 缺失的可变参数 1 为格式字符串“%d”所需
C:\C语言\codevpush\code-road\2022_5_1\2022_5_1\test_1.c(133,6): error C2374: “i”: 重定义；多次初始化
C:\C语言\codevpush\code-road\2022_5_1\2022_5_1\test_1.c(116): message : 参见“i”的声明
C:\C语言\codevpush\code-road\2022_5_1\2022_5_1\test_1.c(134,6): error C2040: “arr4”:“int [0][4]”与“int [5]”的间接寻址级别不同
C:\C语言\codevpush\code-road\2022_5_1\2022_5_1\test_1.c(139,27): error C2109: 下标要求数组或指针类型
C:\C语言\codevpush\code-road\2022_5_1\2022_5_1\test_1.c(139,11): warning C4473: “printf”: 没有为格式字符串传递足够的参数
C:\C语言\codevpush\code-road\2022_5_1\2022_5_1\test_1.c(139,11): message : 占位符和其参数预计 1 可变参数，但提供的却是 0 参数
C:\C语言\codevpush\code-road\2022_5_1\2022_5_1\test_1.c(139,11): message : 缺失的可变参数 1 为格式字符串“%d”所需
